<?xml version="1.0" encoding="UTF-8"?>
<testsuite name="org.hyperskill.calculator.Stage4UnitTest" tests="3" skipped="0" failures="0" errors="0" timestamp="2021-08-11T13:15:32" hostname="MSI" time="5.125">
  <properties/>
  <testcase name="testShouldCheckCalculatorSetsHint" classname="org.hyperskill.calculator.Stage4UnitTest" time="4.647"/>
  <testcase name="testShouldCheckCalculatorReturnsTheIntAnswer" classname="org.hyperskill.calculator.Stage4UnitTest" time="0.267"/>
  <testcase name="testShouldCheckCalculatorReturnsTheDoubleAnswer" classname="org.hyperskill.calculator.Stage4UnitTest" time="0.211"/>
  <system-out><![CDATA[Called loadFromPath(/system/framework/framework-res.apk, true); mode=binary sdk=28
]]></system-out>
  <system-err><![CDATA[]]></system-err>
</testsuite>
